<?xml version="1.0" encoding="UTF-8"?>
<testsuite xmlns:xsi="http://www.w3.org/2001/XMLSchema-instance" xsi:noNamespaceSchemaLocation="https://maven.apache.org/surefire/maven-surefire-plugin/xsd/surefire-test-report-3.0.xsd" version="3.0" name="ClientTest" time="0.124" tests="1" errors="0" skipped="0" failures="0">
  <properties>
    <property name="java.specification.version" value="21"/>
    <property name="sun.jnu.encoding" value="UTF-8"/>
    <property name="java.class.path" value="/Users/eloi/Library/CloudStorage/OneDrive-UniversitatdeBarcelona/SD/Practiques2024/Enunciat_P1/Practica1/Client/target/test-classes:/Users/eloi/Library/CloudStorage/OneDrive-UniversitatdeBarcelona/SD/Practiques2024/Enunciat_P1/Practica1/Client/target/classes:/Users/eloi/Library/CloudStorage/OneDrive-UniversitatdeBarcelona/SD/Practiques2024/Enunciat_P1/Practica1/ComUtils/target/classes:/Users/eloi/.m2/repository/junit/junit/4.13.1/junit-4.13.1.jar:/Users/eloi/.m2/repository/org/hamcrest/hamcrest-core/1.3/hamcrest-core-1.3.jar:"/>
    <property name="java.vm.vendor" value="Homebrew"/>
    <property name="sun.arch.data.model" value="64"/>
    <property name="java.vendor.url" value="https://github.com/Homebrew/homebrew-core/issues"/>
    <property name="os.name" value="Mac OS X"/>
    <property name="java.vm.specification.version" value="21"/>
    <property name="sun.java.launcher" value="SUN_STANDARD"/>
    <property name="user.country" value="ES"/>
    <property name="sun.boot.library.path" value="/usr/local/Cellar/openjdk/21.0.2/libexec/openjdk.jdk/Contents/Home/lib"/>
    <property name="sun.java.command" value="/Users/eloi/Library/CloudStorage/OneDrive-UniversitatdeBarcelona/SD/Practiques2024/Enunciat_P1/Practica1/Client/target/surefire/surefirebooter-20240220183208242_10.jar /Users/eloi/Library/CloudStorage/OneDrive-UniversitatdeBarcelona/SD/Practiques2024/Enunciat_P1/Practica1/Client/target/surefire 2024-02-20T18-32-05_272-jvmRun1 surefire-20240220183208242_8tmp surefire_2-20240220183208242_9tmp"/>
    <property name="http.nonProxyHosts" value="local|*.local|169.254/16|*.169.254/16"/>
    <property name="jdk.debug" value="release"/>
    <property name="surefire.test.class.path" value="/Users/eloi/Library/CloudStorage/OneDrive-UniversitatdeBarcelona/SD/Practiques2024/Enunciat_P1/Practica1/Client/target/test-classes:/Users/eloi/Library/CloudStorage/OneDrive-UniversitatdeBarcelona/SD/Practiques2024/Enunciat_P1/Practica1/Client/target/classes:/Users/eloi/Library/CloudStorage/OneDrive-UniversitatdeBarcelona/SD/Practiques2024/Enunciat_P1/Practica1/ComUtils/target/classes:/Users/eloi/.m2/repository/junit/junit/4.13.1/junit-4.13.1.jar:/Users/eloi/.m2/repository/org/hamcrest/hamcrest-core/1.3/hamcrest-core-1.3.jar:"/>
    <property name="sun.cpu.endian" value="little"/>
    <property name="user.home" value="/Users/eloi"/>
    <property name="user.language" value="ca"/>
    <property name="java.specification.vendor" value="Oracle Corporation"/>
    <property name="java.version.date" value="2024-01-16"/>
    <property name="java.home" value="/usr/local/Cellar/openjdk/21.0.2/libexec/openjdk.jdk/Contents/Home"/>
    <property name="file.separator" value="/"/>
    <property name="basedir" value="/Users/eloi/Library/CloudStorage/OneDrive-UniversitatdeBarcelona/SD/Practiques2024/Enunciat_P1/Practica1/Client"/>
    <property name="java.vm.compressedOopsMode" value="Zero based"/>
    <property name="line.separator" value="&#10;"/>
    <property name="java.vm.specification.vendor" value="Oracle Corporation"/>
    <property name="java.specification.name" value="Java Platform API Specification"/>
    <property name="apple.awt.application.name" value="ForkedBooter"/>
    <property name="surefire.real.class.path" value="/Users/eloi/Library/CloudStorage/OneDrive-UniversitatdeBarcelona/SD/Practiques2024/Enunciat_P1/Practica1/Client/target/surefire/surefirebooter-20240220183208242_10.jar"/>
    <property name="sun.management.compiler" value="HotSpot 64-Bit Tiered Compilers"/>
    <property name="ftp.nonProxyHosts" value="local|*.local|169.254/16|*.169.254/16"/>
    <property name="java.runtime.version" value="21.0.2"/>
    <property name="user.name" value="eloi"/>
    <property name="stdout.encoding" value="UTF-8"/>
    <property name="path.separator" value=":"/>
    <property name="os.version" value="14.1.2"/>
    <property name="java.runtime.name" value="OpenJDK Runtime Environment"/>
    <property name="file.encoding" value="UTF-8"/>
    <property name="java.vm.name" value="OpenJDK 64-Bit Server VM"/>
    <property name="java.vendor.version" value="Homebrew"/>
    <property name="localRepository" value="/Users/eloi/.m2/repository"/>
    <property name="java.vendor.url.bug" value="https://github.com/Homebrew/homebrew-core/issues"/>
    <property name="java.io.tmpdir" value="/var/folders/bm/hjfmf79s25sf29j243mfqzz80000gn/T/"/>
    <property name="java.version" value="21.0.2"/>
    <property name="user.dir" value="/Users/eloi/Library/CloudStorage/OneDrive-UniversitatdeBarcelona/SD/Practiques2024/Enunciat_P1/Practica1/Client"/>
    <property name="os.arch" value="x86_64"/>
    <property name="java.vm.specification.name" value="Java Virtual Machine Specification"/>
    <property name="native.encoding" value="UTF-8"/>
    <property name="java.library.path" value="/Users/eloi/Library/Java/Extensions:/Library/Java/Extensions:/Network/Library/Java/Extensions:/System/Library/Java/Extensions:/usr/lib/java:."/>
    <property name="java.vm.info" value="mixed mode, sharing"/>
    <property name="stderr.encoding" value="UTF-8"/>
    <property name="java.vendor" value="Homebrew"/>
    <property name="java.vm.version" value="21.0.2"/>
    <property name="sun.io.unicode.encoding" value="UnicodeBig"/>
    <property name="socksNonProxyHosts" value="local|*.local|169.254/16|*.169.254/16"/>
    <property name="java.class.version" value="65.0"/>
  </properties>
  <testcase name="example_test" classname="ClientTest" time="0.044">
    <system-out><![CDATA[Server up & listening on port 8080...
Press Cntrl + C to stop.
Client connected to server
Client accepted
Connection started...
Closing server...
Connexion closed
]]></system-out>
  </testcase>
</testsuite>